<?xml version="1.0" encoding="UTF-8" ?>
<testsuite tests="3" failures="0" name="eu.jpereira.trainings.designpatterns.creational.builder.ReportAssemblerTest" time="0" errors="0" skipped="0">
  <properties>
    <property name="java.runtime.name" value="Java(TM) SE Runtime Environment"/>
    <property name="java.vm.version" value="10.0.1+10"/>
    <property name="sun.boot.library.path" value="C:\Program Files\Java\jdk-10.0.1\bin"/>
    <property name="maven.multiModuleProjectDirectory" value="C:\Users\Kajetan\javatrainings\designpatterns\trunk\builder"/>
    <property name="java.vm.vendor" value="&quot;Oracle Corporation&quot;"/>
    <property name="java.vendor.url" value="http://java.oracle.com/"/>
    <property name="guice.disable.misplaced.annotation.check" value="true"/>
    <property name="path.separator" value=";"/>
    <property name="java.vm.name" value="Java HotSpot(TM) 64-Bit Server VM"/>
    <property name="file.encoding.pkg" value="sun.io"/>
    <property name="sun.os.patch.level" value=""/>
    <property name="user.script" value=""/>
    <property name="user.country" value="PL"/>
    <property name="sun.java.launcher" value="SUN_STANDARD"/>
    <property name="java.vm.specification.name" value="Java Virtual Machine Specification"/>
    <property name="user.dir" value="C:\Users\Kajetan\javatrainings\designpatterns\trunk\builder"/>
    <property name="java.vm.compressedOopsMode" value="32-bit"/>
    <property name="java.runtime.version" value="10.0.1+10"/>
    <property name="java.awt.graphicsenv" value="sun.awt.Win32GraphicsEnvironment"/>
    <property name="os.arch" value="amd64"/>
    <property name="java.io.tmpdir" value="C:\Users\Kajetan\AppData\Local\Temp\"/>
    <property name="line.separator" value="
"/>
    <property name="java.vm.specification.vendor" value="Oracle Corporation"/>
    <property name="user.variant" value=""/>
    <property name="os.name" value="Windows 10"/>
    <property name="maven.ext.class.path" value="C:\Users\Kajetan\AppData\Local\JetBrains\Toolbox\apps\IDEA-U\ch-0\192.6817.14\plugins\maven\lib\maven-event-listener.jar"/>
    <property name="classworlds.conf" value="C:\Users\Kajetan\AppData\Local\JetBrains\Toolbox\apps\IDEA-U\ch-0\192.6817.14\plugins\maven\lib\maven3\bin\m2.conf"/>
    <property name="sun.jnu.encoding" value="Cp1250"/>
    <property name="java.library.path" value="C:\Program Files\Java\jdk-10.0.1\bin;C:\WINDOWS\Sun\Java\bin;C:\WINDOWS\system32;C:\WINDOWS;C:\Program Files (x86)\Intel\iCLS Client\;C:\Perl64\site\bin;C:\Perl64\bin;C:\Program Files\Haskell\bin;C:\Program Files\Haskell Platform\8.6.3\lib\extralibs\bin;C:\Program Files\Haskell Platform\8.6.3\bin;C:\Program Files\Java\jdk-10.0.1\bin;C:\Program Files\Intel\iCLS Client\;C:\Windows\system32;C:\Windows;C:\Windows\System32\Wbem;C:\Windows\System32\WindowsPowerShell\v1.0\;C:\Program Files (x86)\NVIDIA Corporation\PhysX\Common;C:\WINDOWS\system32;C:\WINDOWS;C:\WINDOWS\System32\Wbem;C:\WINDOWS\System32\WindowsPowerShell\v1.0\;C:\Program Files (x86)\GtkSharp\2.12\bin;C:\Program Files\Git\cmd;C:\Program Files\doxygen\bin;C:\WINDOWS\System32\OpenSSH\;C:\WINDOWS\system32;C:\WINDOWS;C:\WINDOWS\System32\Wbem;C:\WINDOWS\System32\WindowsPowerShell\v1.0\;C:\WINDOWS\System32\OpenSSH\;C:\Program Files\TortoiseSVN\bin;C:\Go\bin;C:\Program Files\Haskell Platform\8.6.3\mingw\bin;C:\Program Files (x86)\Intel\Intel(R) Management Engine Components\DAL;C:\Program Files\Intel\Intel(R) Management Engine Components\DAL;C:\Program Files (x86)\Intel\Intel(R) Management Engine Components\IPT;C:\Program Files\Intel\Intel(R) Management Engine Components\IPT;C:\Program Files\NVIDIA Corporation\NVIDIA NvDLISR;C:\Program Files\MiKTeX 2.9\miktex\bin\x64\;C:\Users\Kajetan\AppData\Roaming\cabal\bin;C:\Users\Kajetan\AppData\Roaming\local\bin;C:\Users\Kajetan\AppData\Local\Programs\Python\Python36\Scripts\;C:\Users\Kajetan\AppData\Local\Programs\Python\Python36\;C:\Users\Kajetan\AppData\Local\Programs\Python\Python37-32\Scripts\;C:\Users\Kajetan\AppData\Local\Programs\Python\Python37-32\;C:\Users\Kajetan\AppData\Local\Microsoft\WindowsApps;C:\Users\Kajetan\AppData\Local\GitHubDesktop\bin;C:\Users\Kajetan\AppData\Local\Microsoft\WindowsApps;C:\Program Files\apache-maven-3.5.4\bin;C:\pmd-bin-6.18.0\bin;C:\sdk-tools-windows-4333796\tools\bin;C:\Program Files\JetBrains\DataGrip 2018.3.1\bin;;C:\MinGW\bin;C:\Users\Kajetan\go\bin;C:\gusek;C:\Users\Kajetan\AppData\Local\Programs\Microsoft VS Code\bin;C:\Users\Kajetan\AppData\Local\Julia-1.2.0\bin;C:\opencv\build\x64\vc15\bin;;."/>
    <property name="maven.conf" value="C:\Users\Kajetan\AppData\Local\JetBrains\Toolbox\apps\IDEA-U\ch-0\192.6817.14\plugins\maven\lib\maven3/conf"/>
    <property name="jdk.debug" value="release"/>
    <property name="java.class.version" value="54.0"/>
    <property name="java.specification.name" value="Java Platform API Specification"/>
    <property name="sun.management.compiler" value="HotSpot 64-Bit Tiered Compilers"/>
    <property name="os.version" value="10.0"/>
    <property name="user.home" value="C:\Users\Kajetan"/>
    <property name="user.timezone" value="Europe/Belgrade"/>
    <property name="java.awt.printerjob" value="sun.awt.windows.WPrinterJob"/>
    <property name="file.encoding" value="UTF-8"/>
    <property name="java.specification.version" value="10"/>
    <property name="user.name" value="Kajetan"/>
    <property name="idea.version2019.2.3" value="true"/>
    <property name="java.class.path" value="C:\Users\Kajetan\AppData\Local\JetBrains\Toolbox\apps\IDEA-U\ch-0\192.6817.14\plugins\maven\lib\maven3\boot\plexus-classworlds-2.6.0.jar"/>
    <property name="java.vm.specification.version" value="10"/>
    <property name="sun.arch.data.model" value="64"/>
    <property name="sun.java.command" value="org.codehaus.classworlds.Launcher -Didea.version2019.2.3 test"/>
    <property name="java.home" value="C:\Program Files\Java\jdk-10.0.1"/>
    <property name="user.language" value="pl"/>
    <property name="java.specification.vendor" value="Oracle Corporation"/>
    <property name="awt.toolkit" value="sun.awt.windows.WToolkit"/>
    <property name="java.vm.info" value="mixed mode"/>
    <property name="java.version" value="10.0.1"/>
    <property name="java.vendor" value="Oracle Corporation"/>
    <property name="maven.home" value="C:\Users\Kajetan\AppData\Local\JetBrains\Toolbox\apps\IDEA-U\ch-0\192.6817.14\plugins\maven\lib\maven3"/>
    <property name="file.separator" value="\"/>
    <property name="java.version.date" value="2018-04-17"/>
    <property name="java.vendor.url.bug" value="http://bugreport.java.com/bugreport/"/>
    <property name="sun.io.unicode.encoding" value="UnicodeLittle"/>
    <property name="sun.cpu.endian" value="little"/>
    <property name="java.vendor.version" value="18.3"/>
    <property name="sun.desktop" value="windows"/>
    <property name="sun.cpu.isalist" value="amd64"/>
  </properties>
  <testcase classname="eu.jpereira.trainings.designpatterns.creational.builder.ReportAssemblerTest" name="testAssembleHTMLReportBody" time="0"/>
  <testcase classname="eu.jpereira.trainings.designpatterns.creational.builder.ReportAssemblerTest" name="testAssembleJSONReportBody" time="0"/>
  <testcase classname="eu.jpereira.trainings.designpatterns.creational.builder.ReportAssemblerTest" name="testAssembleXMLReportBody" time="0"/>
</testsuite>